<?xml version="1.0" encoding="UTF-8"?>
<!-- Generated by org.testng.reporters.JUnitReportReporter -->
<testsuite skipped="0" hostname="DESKTOP-E8MHC7V" name="login.LoginTest" tests="1" failures="0" timestamp="01 Jun 2020 16:59:20 GMT" time="5.570" errors="0">
  <testcase name="testSuccessfulLogin" time="5.570" classname="login.LoginTest"/>
</testsuite> <!-- login.LoginTest -->
