<?xml version="1.0" encoding="UTF-8"?>
<!-- Generated by org.testng.reporters.JUnitReportReporter -->
<testsuite skipped="0" hostname="DESKTOP-E8MHC7V" name="base.NavigationTests" tests="2" failures="0" timestamp="01 Jun 2020 16:59:20 GMT" time="9.960" errors="0">
  <testcase name="testNavigator" time="1.778" classname="base.NavigationTests"/>
  <testcase name="testSwitchTab" time="8.182" classname="base.NavigationTests"/>
</testsuite> <!-- base.NavigationTests -->
